<?xml version="1.0" encoding="UTF-8"?>
<!-- Generated by org.testng.reporters.JUnitXMLReporter -->
<testsuite ignored="0" hostname="DESKTOP-9B8839P" failures="0" tests="5" name="Landing Page in Edge" time="12.544" errors="0" timestamp="2022-08-12T19:47:01 EDT">
  <testcase classname="com.qa.app.tests.LandingPageTest" name="landingPageTittleTest" time="0.018"/>
  <testcase classname="com.qa.app.tests.LandingPageTest" name="verifyHeader" time="0.079"/>
  <testcase classname="com.qa.app.tests.LandingPageTest" name="verifyLoginButton" time="0.085"/>
  <testcase classname="com.qa.app.tests.LandingPageTest" name="verifyJoinbutton" time="0.332"/>
  <testcase classname="com.qa.app.tests.LandingPageTest" name="getLogin" time="2.36"/>
</testsuite> <!-- Landing Page in Edge -->
