<?xml version="1.0" encoding="UTF-8"?>
<!-- Generated by org.testng.reporters.JUnitXMLReporter -->
<testsuite ignored="0" hostname="DESKTOP-9B8839P" failures="0" tests="8" name="Landing Page in FireFox" time="11.015" errors="0" timestamp="2022-08-12T19:26:05 EDT">
  <testcase classname="com.qa.app.tests.LandingPageTest" name="landingPageTittleTest" time="0.005"/>
  <testcase classname="com.qa.app.tests.LandingPageTest" name="verifyHeader" time="0.081"/>
  <testcase classname="com.qa.app.tests.LandingPageTest" name="verifyLoginButton" time="0.052"/>
  <testcase classname="com.qa.app.tests.LandingPageTest" name="verifyJoinbutton" time="0.039"/>
  <testcase classname="com.qa.app.tests.LandingPageTest" name="getLogin" time="0.03">
    <skipped/>
  </testcase> <!-- getLogin -->
  <testcase classname="com.qa.app.tests.LandingPageTest" name="getLogin" time="0.026">
    <skipped/>
  </testcase> <!-- getLogin -->
  <testcase classname="com.qa.app.tests.LandingPageTest" name="getLogin" time="0.035">
    <skipped/>
  </testcase> <!-- getLogin -->
  <testcase classname="com.qa.app.tests.LandingPageTest" name="getLogin" time="1.52"/>
</testsuite> <!-- Landing Page in FireFox -->
