<?xml version="1.0" encoding="UTF-8"?>
<!-- Generated by org.testng.reporters.JUnitXMLReporter -->
<testsuite ignored="0" hostname="DESKTOP-9B8839P" failures="0" tests="5" name="Landing Page in Edge" time="17.094" errors="0" timestamp="2022-08-14T15:26:50 EDT">
  <testcase classname="com.qa.app.tests.LandingPageTest" name="landingPageTittleTest" time="0.037"/>
  <testcase classname="com.qa.app.tests.LandingPageTest" name="verifyHeader" time="0.165"/>
  <testcase classname="com.qa.app.tests.LandingPageTest" name="verifyLoginButton" time="0.302"/>
  <testcase classname="com.qa.app.tests.LandingPageTest" name="verifyJoinbutton" time="0.669"/>
  <testcase classname="com.qa.app.tests.LandingPageTest" name="getLogin" time="2.085"/>
</testsuite> <!-- Landing Page in Edge -->
