<?xml version="1.0" encoding="UTF-8"?>
<!-- Generated by org.testng.reporters.JUnitXMLReporter -->
<testsuite ignored="0" hostname="DESKTOP-9B8839P" failures="0" tests="5" name="Landing Page in Chrome" time="15.897" errors="0" timestamp="2022-08-14T15:26:49 EDT">
  <testcase classname="com.qa.app.tests.LandingPageTest" name="landingPageTittleTest" time="0.052"/>
  <testcase classname="com.qa.app.tests.LandingPageTest" name="verifyHeader" time="1.224"/>
  <testcase classname="com.qa.app.tests.LandingPageTest" name="verifyLoginButton" time="0.16"/>
  <testcase classname="com.qa.app.tests.LandingPageTest" name="verifyJoinbutton" time="0.081"/>
  <testcase classname="com.qa.app.tests.LandingPageTest" name="getLogin" time="2.742"/>
</testsuite> <!-- Landing Page in Chrome -->
