<?xml version="1.0" encoding="UTF-8"?>
<!-- Generated by org.testng.reporters.JUnitXMLReporter -->
<testsuite ignored="0" hostname="DESKTOP-9B8839P" failures="0" tests="5" name="Landing Page in Chrome" time="12.936" errors="0" timestamp="2022-08-14T15:35:34 EDT">
  <testcase classname="com.qa.app.tests.LandingPageTest" name="landingPageTittleTest" time="0.027"/>
  <testcase classname="com.qa.app.tests.LandingPageTest" name="verifyHeader" time="0.075"/>
  <testcase classname="com.qa.app.tests.LandingPageTest" name="verifyLoginButton" time="0.121"/>
  <testcase classname="com.qa.app.tests.LandingPageTest" name="verifyJoinbutton" time="0.183"/>
  <testcase classname="com.qa.app.tests.LandingPageTest" name="getLogin" time="2.557"/>
</testsuite> <!-- Landing Page in Chrome -->
