<?xml version="1.0" encoding="UTF-8"?>
<!-- Generated by org.testng.reporters.JUnitXMLReporter -->
<testsuite ignored="0" hostname="DESKTOP-9B8839P" failures="0" tests="5" name="Tests in  Firefox" time="12.019" errors="0" timestamp="2022-08-12T16:51:30 EDT">
  <testcase classname="com.qa.app.tests.LoginPageTest" name="verifyLoginPageHeader" time="0.048"/>
  <testcase classname="com.qa.app.tests.LoginPageTest" name="verifyRememberMeLink" time="0.057"/>
  <testcase classname="com.qa.app.tests.LoginPageTest" name="verifySignUp" time="0.057"/>
  <testcase classname="com.qa.app.tests.LoginPageTest" name="verifyForgotPassword" time="0.056"/>
  <testcase classname="com.qa.app.tests.LoginPageTest" name="doLogin" time="3.149"/>
</testsuite> <!-- Tests in  Firefox -->
