-------------------------------------------------------------------------------
Test set: TestSuite
-------------------------------------------------------------------------------
Tests run: 13, Failures: 1, Errors: 0, Skipped: 3, Time elapsed: 26.101 s <<< FAILURE! - in TestSuite
landingPageTittleTest(com.qa.app.tests.LandingPageTest)  Time elapsed: 0.298 s  <<< FAILURE!
java.lang.AssertionError: expected [Rahul Shetty Academy123] but found [Rahul Shetty Academy]
	at com.qa.app.tests.LandingPageTest.landingPageTittleTest(LandingPageTest.java:25)

