<?xml version="1.0" encoding="UTF-8"?>
<testsuite xmlns:xsi="http://www.w3.org/2001/XMLSchema-instance" xsi:noNamespaceSchemaLocation="https://maven.apache.org/surefire/maven-surefire-plugin/xsd/surefire-test-report.xsd" name="TestSuite" time="26.101" tests="13" errors="0" skipped="3" failures="1">
  <properties>
[...]
</properties>
  <testcase name="landingPageTittleTest" classname="com.qa.app.tests.LandingPageTest" time="0">
    <skipped message="expected [Rahul Shetty Academy123] but found [Rahul Shetty Academy]"/>
    <system-out><![CDATA[...
... TestNG 7.6.1 by Cédric Beust (cedric@beust.com)
...

Test Suite started!
https://rahulshettyacademy.com/
2022-08-12 16:51:07,200 TestNG-tests-1 ERROR Unrecognized format specifier [t]
2022-08-12 16:51:07,202 TestNG-tests-1 ERROR Unrecognized conversion specifier [t] starting at position 54 in conversion pattern.
2022-08-12 16:51:07,203 TestNG-tests-1 ERROR Unrecognized format specifier [level]
2022-08-12 16:51:07,203 TestNG-tests-1 ERROR Unrecognized conversion specifier [level] starting at position 64 in conversion pattern.
2022-08-12 16:51:07,205 TestNG-tests-1 ERROR Unrecognized format specifier [logger]
2022-08-12 16:51:07,205 TestNG-tests-1 ERROR Unrecognized conversion specifier [logger] starting at position 76 in conversion pattern.
2022-08-12 16:51:07,205 TestNG-tests-1 ERROR Unrecognized format specifier [msg]
2022-08-12 16:51:07,206 TestNG-tests-1 ERROR Unrecognized conversion specifier [msg] starting at position 83 in conversion pattern.
2022-08-12 16:51:07,206 TestNG-tests-1 ERROR Unrecognized format specifier [n]
2022-08-12 16:51:07,207 TestNG-tests-1 ERROR Unrecognized conversion specifier [n] starting at position 85 in conversion pattern.
2022-08-12 16:51:07,216 TestNG-tests-1 ERROR Unrecognized format specifier [t]
2022-08-12 16:51:07,216 TestNG-tests-1 ERROR Unrecognized conversion specifier [t] starting at position 50 in conversion pattern.
2022-08-12 16:51:07,217 TestNG-tests-1 ERROR Unrecognized format specifier [level]
2022-08-12 16:51:07,218 TestNG-tests-1 ERROR Unrecognized conversion specifier [level] starting at position 60 in conversion pattern.
2022-08-12 16:51:07,218 TestNG-tests-1 ERROR Unrecognized format specifier [logger]
2022-08-12 16:51:07,219 TestNG-tests-1 ERROR Unrecognized conversion specifier [logger] starting at position 72 in conversion pattern.
2022-08-12 16:51:07,219 TestNG-tests-1 ERROR Unrecognized format specifier [msg]
2022-08-12 16:51:07,220 TestNG-tests-1 ERROR Unrecognized conversion specifier [msg] starting at position 79 in conversion pattern.
2022-08-12 16:51:07,221 TestNG-tests-1 ERROR Unrecognized format specifier [n]
2022-08-12 16:51:07,221 TestNG-tests-1 ERROR Unrecognized conversion specifier [n] starting at position 81 in conversion pattern.
2022-08-12 16:51:07,225 TestNG-tests-1 ERROR Unrecognized format specifier [t]
2022-08-12 16:51:07,226 TestNG-tests-1 ERROR Unrecognized conversion specifier [t] starting at position 53 in conversion pattern.
2022-08-12 16:51:07,226 TestNG-tests-1 ERROR Unrecognized format specifier [level]
2022-08-12 16:51:07,226 TestNG-tests-1 ERROR Unrecognized conversion specifier [level] starting at position 63 in conversion pattern.
2022-08-12 16:51:07,227 TestNG-tests-1 ERROR Unrecognized format specifier [logger]
2022-08-12 16:51:07,227 TestNG-tests-1 ERROR Unrecognized conversion specifier [logger] starting at position 75 in conversion pattern.
2022-08-12 16:51:07,227 TestNG-tests-1 ERROR Unrecognized format specifier [msg]
2022-08-12 16:51:07,227 TestNG-tests-1 ERROR Unrecognized conversion specifier [msg] starting at position 82 in conversion pattern.
2022-08-12 16:51:07,228 TestNG-tests-1 ERROR Unrecognized format specifier [n]
2022-08-12 16:51:07,228 TestNG-tests-1 ERROR Unrecognized conversion specifier [n] starting at position 84 in conversion pattern.
2022-08-12 16:51:07,233 TestNG-tests-1 ERROR Unrecognized format specifier [t]
2022-08-12 16:51:07,233 TestNG-tests-1 ERROR Unrecognized conversion specifier [t] starting at position 52 in conversion pattern.
2022-08-12 16:51:07,233 TestNG-tests-1 ERROR Unrecognized format specifier [level]
2022-08-12 16:51:07,234 TestNG-tests-1 ERROR Unrecognized conversion specifier [level] starting at position 62 in conversion pattern.
2022-08-12 16:51:07,234 TestNG-tests-1 ERROR Unrecognized format specifier [logger]
2022-08-12 16:51:07,235 TestNG-tests-1 ERROR Unrecognized conversion specifier [logger] starting at position 74 in conversion pattern.
2022-08-12 16:51:07,235 TestNG-tests-1 ERROR Unrecognized format specifier [msg]
2022-08-12 16:51:07,235 TestNG-tests-1 ERROR Unrecognized conversion specifier [msg] starting at position 81 in conversion pattern.
2022-08-12 16:51:07,236 TestNG-tests-1 ERROR Unrecognized format specifier [n]
2022-08-12 16:51:07,236 TestNG-tests-1 ERROR Unrecognized conversion specifier [n] starting at position 83 in conversion pattern.
2022-08-12 16:51:07,241 TestNG-tests-1 ERROR Unrecognized format specifier [t]
2022-08-12 16:51:07,242 TestNG-tests-1 ERROR Unrecognized conversion specifier [t] starting at position 53 in conversion pattern.
2022-08-12 16:51:07,243 TestNG-tests-1 ERROR Unrecognized format specifier [level]
2022-08-12 16:51:07,243 TestNG-tests-1 ERROR Unrecognized conversion specifier [level] starting at position 63 in conversion pattern.
2022-08-12 16:51:07,243 TestNG-tests-1 ERROR Unrecognized format specifier [logger]
2022-08-12 16:51:07,244 TestNG-tests-1 ERROR Unrecognized conversion specifier [logger] starting at position 75 in conversion pattern.
2022-08-12 16:51:07,244 TestNG-tests-1 ERROR Unrecognized format specifier [msg]
2022-08-12 16:51:07,245 TestNG-tests-1 ERROR Unrecognized conversion specifier [msg] starting at position 82 in conversion pattern.
2022-08-12 16:51:07,245 TestNG-tests-1 ERROR Unrecognized format specifier [n]
2022-08-12 16:51:07,247 TestNG-tests-1 ERROR Unrecognized conversion specifier [n] starting at position 84 in conversion pattern.
2022-08-12 16:51:07,251 TestNG-tests-1 ERROR Unrecognized format specifier [t]
2022-08-12 16:51:07,251 TestNG-tests-1 ERROR Unrecognized conversion specifier [t] starting at position 53 in conversion pattern.
2022-08-12 16:51:07,252 TestNG-tests-1 ERROR Unrecognized format specifier [level]
2022-08-12 16:51:07,252 TestNG-tests-1 ERROR Unrecognized conversion specifier [level] starting at position 63 in conversion pattern.
2022-08-12 16:51:07,253 TestNG-tests-1 ERROR Unrecognized format specifier [logger]
2022-08-12 16:51:07,253 TestNG-tests-1 ERROR Unrecognized conversion specifier [logger] starting at position 75 in conversion pattern.
2022-08-12 16:51:07,253 TestNG-tests-1 ERROR Unrecognized format specifier [msg]
2022-08-12 16:51:07,255 TestNG-tests-1 ERROR Unrecognized conversion specifier [msg] starting at position 82 in conversion pattern.
2022-08-12 16:51:07,255 TestNG-tests-1 ERROR Unrecognized format specifier [n]
2022-08-12 16:51:07,256 TestNG-tests-1 ERROR Unrecognized conversion specifier [n] starting at position 84 in conversion pattern.
2022-08-12T16:51:07.362-0400  [TestNG-tests-1] DEBUG io.netty.util.internal.logging.InternalLoggerFactory - Using Log4J2 as the default logging framework
2022-08-12T16:51:07.373-0400  [TestNG-tests-1] DEBUG io.netty.util.ResourceLeakDetector - -Dio.netty.leakDetection.level: simple
2022-08-12T16:51:07.374-0400  [TestNG-tests-1] DEBUG io.netty.util.ResourceLeakDetector - -Dio.netty.leakDetection.targetRecords: 4
2022-08-12T16:51:07.379-0400  [TestNG-tests-1] DEBUG io.netty.util.ResourceLeakDetectorFactory - Loaded default ResourceLeakDetector: io.netty.util.ResourceLeakDetector@12c10ab1
2022-08-12T16:51:07.405-0400  [TestNG-tests-1] DEBUG io.netty.util.internal.PlatformDependent0 - -Dio.netty.noUnsafe: false
2022-08-12T16:51:07.406-0400  [TestNG-tests-1] DEBUG io.netty.util.internal.PlatformDependent0 - Java version: 11
2022-08-12T16:51:07.408-0400  [TestNG-tests-1] DEBUG io.netty.util.internal.PlatformDependent0 - sun.misc.Unsafe.theUnsafe: available
2022-08-12T16:51:07.410-0400  [TestNG-tests-1] DEBUG io.netty.util.internal.PlatformDependent0 - sun.misc.Unsafe.copyMemory: available
2022-08-12T16:51:07.411-0400  [TestNG-tests-1] DEBUG io.netty.util.internal.PlatformDependent0 - sun.misc.Unsafe.storeFence: available
2022-08-12T16:51:07.412-0400  [TestNG-tests-1] DEBUG io.netty.util.internal.PlatformDependent0 - java.nio.Buffer.address: available
2022-08-12T16:51:07.413-0400  [TestNG-tests-1] DEBUG io.netty.util.internal.PlatformDependent0 - direct buffer constructor: unavailable
java.lang.UnsupportedOperationException: Reflective setAccessible(true) disabled
	at io.netty.util.internal.ReflectionUtil.trySetAccessible(ReflectionUtil.java:31) ~[netty-common-4.1.78.Final.jar:4.1.78.Final]
	at io.netty.util.internal.PlatformDependent0$5.run(PlatformDependent0.java:287) ~[netty-common-4.1.78.Final.jar:4.1.78.Final]
	at java.security.AccessController.doPrivileged(Native Method) ~[?:?]
	at io.netty.util.internal.PlatformDependent0.<clinit>(PlatformDependent0.java:281) ~[netty-common-4.1.78.Final.jar:4.1.78.Final]
	at io.netty.util.internal.PlatformDependent.isAndroid(PlatformDependent.java:294) ~[netty-common-4.1.78.Final.jar:4.1.78.Final]
	at io.netty.util.internal.PlatformDependent.<clinit>(PlatformDependent.java:88) ~[netty-common-4.1.78.Final.jar:4.1.78.Final]
	at io.netty.util.HashedWheelTimer.<init>(HashedWheelTimer.java:114) ~[netty-common-4.1.78.Final.jar:4.1.78.Final]
	at io.netty.util.HashedWheelTimer.<init>(HashedWheelTimer.java:251) ~[netty-common-4.1.78.Final.jar:4.1.78.Final]
	at io.netty.util.HashedWheelTimer.<init>(HashedWheelTimer.java:224) ~[netty-common-4.1.78.Final.jar:4.1.78.Final]
	at io.netty.util.HashedWheelTimer.<init>(HashedWheelTimer.java:203) ~[netty-common-4.1.78.Final.jar:4.1.78.Final]
	at org.asynchttpclient.DefaultAsyncHttpClient.newNettyTimer(DefaultAsyncHttpClient.java:111) ~[async-http-client-2.12.3.jar:?]
	at org.asynchttpclient.DefaultAsyncHttpClient.<init>(DefaultAsyncHttpClient.java:90) ~[async-http-client-2.12.3.jar:?]
	at org.asynchttpclient.Dsl.asyncHttpClient(Dsl.java:32) ~[async-http-client-2.12.3.jar:?]
	at org.openqa.selenium.remote.http.netty.NettyClient.createHttpClient(NettyClient.java:93) ~[selenium-remote-driver-4.3.0.jar:?]
	at org.openqa.selenium.remote.http.netty.NettyClient.<clinit>(NettyClient.java:47) ~[selenium-remote-driver-4.3.0.jar:?]
	at org.openqa.selenium.remote.http.netty.NettyClient$Factory.createClient(NettyClient.java:134) ~[selenium-remote-driver-4.3.0.jar:?]
	at org.openqa.selenium.remote.HttpCommandExecutor.<init>(HttpCommandExecutor.java:107) ~[selenium-remote-driver-4.3.0.jar:?]
	at org.openqa.selenium.remote.HttpCommandExecutor.<init>(HttpCommandExecutor.java:94) ~[selenium-remote-driver-4.3.0.jar:?]
	at org.openqa.selenium.remote.HttpCommandExecutor.<init>(HttpCommandExecutor.java:85) ~[selenium-remote-driver-4.3.0.jar:?]
	at org.openqa.selenium.remote.service.DriverCommandExecutor.<init>(DriverCommandExecutor.java:80) ~[selenium-remote-driver-4.3.0.jar:?]
	at org.openqa.selenium.chromium.ChromiumDriverCommandExecutor.<init>(ChromiumDriverCommandExecutor.java:35) ~[selenium-chromium-driver-4.3.0.jar:?]
	at org.openqa.selenium.chrome.ChromeDriver$ChromeDriverCommandExecutor.<init>(ChromeDriver.java:93) ~[selenium-chrome-driver-4.3.0.jar:?]
	at org.openqa.selenium.chrome.ChromeDriver.<init>(ChromeDriver.java:81) ~[selenium-chrome-driver-4.3.0.jar:?]
	at org.openqa.selenium.chrome.ChromeDriver.<init>(ChromeDriver.java:49) ~[selenium-chrome-driver-4.3.0.jar:?]
	at com.qa.app.driverFactory.DriverFactory.init_Driver(DriverFactory.java:44) ~[classes/:?]
	at com.qa.app.base.TestBase.setUp(TestBase.java:30) ~[test-classes/:?]
	at jdk.internal.reflect.NativeMethodAccessorImpl.invoke0(Native Method) ~[?:?]
	at jdk.internal.reflect.NativeMethodAccessorImpl.invoke(NativeMethodAccessorImpl.java:62) ~[?:?]
	at jdk.internal.reflect.DelegatingMethodAccessorImpl.invoke(DelegatingMethodAccessorImpl.java:43) ~[?:?]
	at java.lang.reflect.Method.invoke(Method.java:566) ~[?:?]
	at org.testng.internal.invokers.MethodInvocationHelper.invokeMethod(MethodInvocationHelper.java:139) ~[testng-7.6.1.jar:7.6.1]
	at org.testng.internal.invokers.MethodInvocationHelper.invokeMethodConsideringTimeout(MethodInvocationHelper.java:69) ~[testng-7.6.1.jar:7.6.1]
	at org.testng.internal.invokers.ConfigInvoker.invokeConfigurationMethod(ConfigInvoker.java:361) ~[testng-7.6.1.jar:7.6.1]
	at org.testng.internal.invokers.ConfigInvoker.invokeConfigurations(ConfigInvoker.java:296) ~[testng-7.6.1.jar:7.6.1]
	at org.testng.TestRunner.invokeTestConfigurations(TestRunner.java:643) ~[testng-7.6.1.jar:7.6.1]
	at org.testng.TestRunner.beforeRun(TestRunner.java:632) ~[testng-7.6.1.jar:7.6.1]
	at org.testng.TestRunner.run(TestRunner.java:594) ~[testng-7.6.1.jar:7.6.1]
	at org.testng.SuiteRunner.runTest(SuiteRunner.java:433) ~[testng-7.6.1.jar:7.6.1]
	at org.testng.SuiteRunner$SuiteWorker.run(SuiteRunner.java:471) ~[testng-7.6.1.jar:7.6.1]
	at org.testng.internal.thread.ThreadUtil.lambda$execute$0(ThreadUtil.java:58) ~[testng-7.6.1.jar:7.6.1]
	at java.util.concurrent.FutureTask.run(FutureTask.java:264) ~[?:?]
	at java.util.concurrent.ThreadPoolExecutor.runWorker(ThreadPoolExecutor.java:1128) ~[?:?]
	at java.util.concurrent.ThreadPoolExecutor$Worker.run(ThreadPoolExecutor.java:628) ~[?:?]
	at java.lang.Thread.run(Thread.java:834) ~[?:?]
2022-08-12T16:51:07.425-0400  [TestNG-tests-1] DEBUG io.netty.util.internal.PlatformDependent0 - java.nio.Bits.unaligned: available, true
2022-08-12T16:51:07.428-0400  [TestNG-tests-1] DEBUG io.netty.util.internal.PlatformDependent0 - jdk.internal.misc.Unsafe.allocateUninitializedArray(int): unavailable
java.lang.IllegalAccessException: class io.netty.util.internal.PlatformDependent0$7 cannot access class jdk.internal.misc.Unsafe (in module java.base) because module java.base does not export jdk.internal.misc to unnamed module @5864fbbb
	at jdk.internal.reflect.Reflection.newIllegalAccessException(Reflection.java:361) ~[?:?]
	at java.lang.reflect.AccessibleObject.checkAccess(AccessibleObject.java:591) ~[?:?]
	at java.lang.reflect.Method.invoke(Method.java:558) ~[?:?]
	at io.netty.util.internal.PlatformDependent0$7.run(PlatformDependent0.java:409) ~[netty-common-4.1.78.Final.jar:4.1.78.Final]
	at java.security.AccessController.doPrivileged(Native Method) ~[?:?]
	at io.netty.util.internal.PlatformDependent0.<clinit>(PlatformDependent0.java:400) ~[netty-common-4.1.78.Final.jar:4.1.78.Final]
	at io.netty.util.internal.PlatformDependent.isAndroid(PlatformDependent.java:294) ~[netty-common-4.1.78.Final.jar:4.1.78.Final]
	at io.netty.util.internal.PlatformDependent.<clinit>(PlatformDependent.java:88) ~[netty-common-4.1.78.Final.jar:4.1.78.Final]
	at io.netty.util.HashedWheelTimer.<init>(HashedWheelTimer.java:114) ~[netty-common-4.1.78.Final.jar:4.1.78.Final]
	at io.netty.util.HashedWheelTimer.<init>(HashedWheelTimer.java:251) ~[netty-common-4.1.78.Final.jar:4.1.78.Final]
	at io.netty.util.HashedWheelTimer.<init>(HashedWheelTimer.java:224) ~[netty-common-4.1.78.Final.jar:4.1.78.Final]
	at io.netty.util.HashedWheelTimer.<init>(HashedWheelTimer.java:203) ~[netty-common-4.1.78.Final.jar:4.1.78.Final]
	at org.asynchttpclient.DefaultAsyncHttpClient.newNettyTimer(DefaultAsyncHttpClient.java:111) ~[async-http-client-2.12.3.jar:?]
	at org.asynchttpclient.DefaultAsyncHttpClient.<init>(DefaultAsyncHttpClient.java:90) ~[async-http-client-2.12.3.jar:?]
	at org.asynchttpclient.Dsl.asyncHttpClient(Dsl.java:32) ~[async-http-client-2.12.3.jar:?]
	at org.openqa.selenium.remote.http.netty.NettyClient.createHttpClient(NettyClient.java:93) ~[selenium-remote-driver-4.3.0.jar:?]
	at org.openqa.selenium.remote.http.netty.NettyClient.<clinit>(NettyClient.java:47) ~[selenium-remote-driver-4.3.0.jar:?]
	at org.openqa.selenium.remote.http.netty.NettyClient$Factory.createClient(NettyClient.java:134) ~[selenium-remote-driver-4.3.0.jar:?]
	at org.openqa.selenium.remote.HttpCommandExecutor.<init>(HttpCommandExecutor.java:107) ~[selenium-remote-driver-4.3.0.jar:?]
	at org.openqa.selenium.remote.HttpCommandExecutor.<init>(HttpCommandExecutor.java:94) ~[selenium-remote-driver-4.3.0.jar:?]
	at org.openqa.selenium.remote.HttpCommandExecutor.<init>(HttpCommandExecutor.java:85) ~[selenium-remote-driver-4.3.0.jar:?]
	at org.openqa.selenium.remote.service.DriverCommandExecutor.<init>(DriverCommandExecutor.java:80) ~[selenium-remote-driver-4.3.0.jar:?]
	at org.openqa.selenium.chromium.ChromiumDriverCommandExecutor.<init>(ChromiumDriverCommandExecutor.java:35) ~[selenium-chromium-driver-4.3.0.jar:?]
	at org.openqa.selenium.chrome.ChromeDriver$ChromeDriverCommandExecutor.<init>(ChromeDriver.java:93) ~[selenium-chrome-driver-4.3.0.jar:?]
	at org.openqa.selenium.chrome.ChromeDriver.<init>(ChromeDriver.java:81) ~[selenium-chrome-driver-4.3.0.jar:?]
	at org.openqa.selenium.chrome.ChromeDriver.<init>(ChromeDriver.java:49) ~[selenium-chrome-driver-4.3.0.jar:?]
	at com.qa.app.driverFactory.DriverFactory.init_Driver(DriverFactory.java:44) ~[classes/:?]
	at com.qa.app.base.TestBase.setUp(TestBase.java:30) ~[test-classes/:?]
	at jdk.internal.reflect.NativeMethodAccessorImpl.invoke0(Native Method) ~[?:?]
	at jdk.internal.reflect.NativeMethodAccessorImpl.invoke(NativeMethodAccessorImpl.java:62) ~[?:?]
	at jdk.internal.reflect.DelegatingMethodAccessorImpl.invoke(DelegatingMethodAccessorImpl.java:43) ~[?:?]
	at java.lang.reflect.Method.invoke(Method.java:566) ~[?:?]
	at org.testng.internal.invokers.MethodInvocationHelper.invokeMethod(MethodInvocationHelper.java:139) ~[testng-7.6.1.jar:7.6.1]
	at org.testng.internal.invokers.MethodInvocationHelper.invokeMethodConsideringTimeout(MethodInvocationHelper.java:69) ~[testng-7.6.1.jar:7.6.1]
	at org.testng.internal.invokers.ConfigInvoker.invokeConfigurationMethod(ConfigInvoker.java:361) ~[testng-7.6.1.jar:7.6.1]
	at org.testng.internal.invokers.ConfigInvoker.invokeConfigurations(ConfigInvoker.java:296) ~[testng-7.6.1.jar:7.6.1]
	at org.testng.TestRunner.invokeTestConfigurations(TestRunner.java:643) ~[testng-7.6.1.jar:7.6.1]
	at org.testng.TestRunner.beforeRun(TestRunner.java:632) ~[testng-7.6.1.jar:7.6.1]
	at org.testng.TestRunner.run(TestRunner.java:594) ~[testng-7.6.1.jar:7.6.1]
	at org.testng.SuiteRunner.runTest(SuiteRunner.java:433) ~[testng-7.6.1.jar:7.6.1]
	at org.testng.SuiteRunner$SuiteWorker.run(SuiteRunner.java:471) ~[testng-7.6.1.jar:7.6.1]
	at org.testng.internal.thread.ThreadUtil.lambda$execute$0(ThreadUtil.java:58) ~[testng-7.6.1.jar:7.6.1]
	at java.util.concurrent.FutureTask.run(FutureTask.java:264) ~[?:?]
	at java.util.concurrent.ThreadPoolExecutor.runWorker(ThreadPoolExecutor.java:1128) ~[?:?]
	at java.util.concurrent.ThreadPoolExecutor$Worker.run(ThreadPoolExecutor.java:628) ~[?:?]
	at java.lang.Thread.run(Thread.java:834) ~[?:?]
2022-08-12T16:51:07.433-0400  [TestNG-tests-1] DEBUG io.netty.util.internal.PlatformDependent0 - java.nio.DirectByteBuffer.<init>(long, int): unavailable
2022-08-12T16:51:07.433-0400  [TestNG-tests-1] DEBUG io.netty.util.internal.PlatformDependent - sun.misc.Unsafe: available
2022-08-12T16:51:07.436-0400  [TestNG-tests-1] DEBUG io.netty.util.internal.PlatformDependent - maxDirectMemory: 3221225472 bytes (maybe)
2022-08-12T16:51:07.438-0400  [TestNG-tests-1] DEBUG io.netty.util.internal.PlatformDependent - -Dio.netty.tmpdir: C:\Users\bhuth\AppData\Local\Temp (java.io.tmpdir)
2022-08-12T16:51:07.439-0400  [TestNG-tests-1] DEBUG io.netty.util.internal.PlatformDependent - -Dio.netty.bitMode: 64 (sun.arch.data.model)
2022-08-12T16:51:07.440-0400  [TestNG-tests-1] DEBUG io.netty.util.internal.PlatformDependent - Platform: Windows
2022-08-12T16:51:07.442-0400  [TestNG-tests-1] DEBUG io.netty.util.internal.PlatformDependent - -Dio.netty.maxDirectMemory: -1 bytes
2022-08-12T16:51:07.444-0400  [TestNG-tests-1] DEBUG io.netty.util.internal.PlatformDependent - -Dio.netty.uninitializedArrayAllocationThreshold: -1
2022-08-12T16:51:07.446-0400  [TestNG-tests-1] DEBUG io.netty.util.internal.CleanerJava9 - java.nio.ByteBuffer.cleaner(): available
2022-08-12T16:51:07.448-0400  [TestNG-tests-1] DEBUG io.netty.util.internal.PlatformDependent - -Dio.netty.noPreferDirect: false
2022-08-12T16:51:07.461-0400  [TestNG-tests-1] DEBUG io.netty.util.internal.PlatformDependent - org.jctools-core.MpscChunkedArrayQueue: available
2022-08-12T16:51:07.485-0400  [TestNG-tests-1] DEBUG io.netty.util.internal.InternalThreadLocalMap - -Dio.netty.threadLocalMap.stringBuilder.initialSize: 1024
2022-08-12T16:51:07.485-0400  [TestNG-tests-1] DEBUG io.netty.util.internal.InternalThreadLocalMap - -Dio.netty.threadLocalMap.stringBuilder.maxSize: 4096
2022-08-12T16:51:07.539-0400  [TestNG-tests-1] DEBUG io.netty.handler.ssl.JdkSslContext - Default protocols (JDK): [TLSv1.3, TLSv1.2] 
2022-08-12T16:51:07.540-0400  [TestNG-tests-1] DEBUG io.netty.handler.ssl.JdkSslContext - Default cipher suites (JDK): [TLS_ECDHE_ECDSA_WITH_AES_256_GCM_SHA384, TLS_ECDHE_ECDSA_WITH_AES_128_GCM_SHA256, TLS_ECDHE_RSA_WITH_AES_128_GCM_SHA256, TLS_ECDHE_RSA_WITH_AES_256_GCM_SHA384, TLS_ECDHE_RSA_WITH_AES_128_CBC_SHA, TLS_ECDHE_RSA_WITH_AES_256_CBC_SHA, TLS_RSA_WITH_AES_128_GCM_SHA256, TLS_RSA_WITH_AES_128_CBC_SHA, TLS_RSA_WITH_AES_256_CBC_SHA, TLS_AES_128_GCM_SHA256, TLS_AES_256_GCM_SHA384]
2022-08-12T16:51:07.573-0400  [TestNG-tests-1] DEBUG io.netty.channel.MultithreadEventLoopGroup - -Dio.netty.eventLoopThreads: 8
2022-08-12T16:51:07.585-0400  [TestNG-tests-1] DEBUG io.netty.channel.nio.NioEventLoop - -Dio.netty.noKeySetOptimization: false
2022-08-12T16:51:07.586-0400  [TestNG-tests-1] DEBUG io.netty.channel.nio.NioEventLoop - -Dio.netty.selectorAutoRebuildThreshold: 512
2022-08-12T16:51:07.606-0400  [TestNG-tests-1] TRACE io.netty.channel.nio.NioEventLoop - instrumented a special java.util.Set into: sun.nio.ch.WindowsSelectorImpl@491701b
2022-08-12T16:51:07.609-0400  [TestNG-tests-1] TRACE io.netty.channel.nio.NioEventLoop - instrumented a special java.util.Set into: sun.nio.ch.WindowsSelectorImpl@4a41a09b
2022-08-12T16:51:07.610-0400  [TestNG-tests-1] TRACE io.netty.channel.nio.NioEventLoop - instrumented a special java.util.Set into: sun.nio.ch.WindowsSelectorImpl@1acce172
2022-08-12T16:51:07.612-0400  [TestNG-tests-1] TRACE io.netty.channel.nio.NioEventLoop - instrumented a special java.util.Set into: sun.nio.ch.WindowsSelectorImpl@6765b5d4
2022-08-12T16:51:07.614-0400  [TestNG-tests-1] TRACE io.netty.channel.nio.NioEventLoop - instrumented a special java.util.Set into: sun.nio.ch.WindowsSelectorImpl@60437650
2022-08-12T16:51:07.615-0400  [TestNG-tests-1] TRACE io.netty.channel.nio.NioEventLoop - instrumented a special java.util.Set into: sun.nio.ch.WindowsSelectorImpl@274147bb
2022-08-12T16:51:07.622-0400  [TestNG-tests-1] TRACE io.netty.channel.nio.NioEventLoop - instrumented a special java.util.Set into: sun.nio.ch.WindowsSelectorImpl@5a7bf550
2022-08-12T16:51:07.624-0400  [TestNG-tests-1] TRACE io.netty.channel.nio.NioEventLoop - instrumented a special java.util.Set into: sun.nio.ch.WindowsSelectorImpl@10fa30de
2022-08-12T16:51:07.657-0400  [TestNG-tests-1] DEBUG io.netty.buffer.PooledByteBufAllocator - -Dio.netty.allocator.numHeapArenas: 8
2022-08-12T16:51:07.658-0400  [TestNG-tests-1] DEBUG io.netty.buffer.PooledByteBufAllocator - -Dio.netty.allocator.numDirectArenas: 8
2022-08-12T16:51:07.658-0400  [TestNG-tests-1] DEBUG io.netty.buffer.PooledByteBufAllocator - -Dio.netty.allocator.pageSize: 8192
2022-08-12T16:51:07.659-0400  [TestNG-tests-1] DEBUG io.netty.buffer.PooledByteBufAllocator - -Dio.netty.allocator.maxOrder: 9
2022-08-12T16:51:07.659-0400  [TestNG-tests-1] DEBUG io.netty.buffer.PooledByteBufAllocator - -Dio.netty.allocator.chunkSize: 4194304
2022-08-12T16:51:07.659-0400  [TestNG-tests-1] DEBUG io.netty.buffer.PooledByteBufAllocator - -Dio.netty.allocator.smallCacheSize: 256
2022-08-12T16:51:07.660-0400  [TestNG-tests-1] DEBUG io.netty.buffer.PooledByteBufAllocator - -Dio.netty.allocator.normalCacheSize: 64
2022-08-12T16:51:07.660-0400  [TestNG-tests-1] DEBUG io.netty.buffer.PooledByteBufAllocator - -Dio.netty.allocator.maxCachedBufferCapacity: 32768
2022-08-12T16:51:07.660-0400  [TestNG-tests-1] DEBUG io.netty.buffer.PooledByteBufAllocator - -Dio.netty.allocator.cacheTrimInterval: 8192
2022-08-12T16:51:07.660-0400  [TestNG-tests-1] DEBUG io.netty.buffer.PooledByteBufAllocator - -Dio.netty.allocator.cacheTrimIntervalMillis: 0
2022-08-12T16:51:07.661-0400  [TestNG-tests-1] DEBUG io.netty.buffer.PooledByteBufAllocator - -Dio.netty.allocator.useCacheForAllThreads: false
2022-08-12T16:51:07.661-0400  [TestNG-tests-1] DEBUG io.netty.buffer.PooledByteBufAllocator - -Dio.netty.allocator.maxCachedByteBuffersPerChunk: 1023
2022-08-12T16:51:07.680-0400  [TestNG-tests-1] DEBUG io.netty.buffer.ByteBufUtil - -Dio.netty.allocator.type: pooled
2022-08-12T16:51:07.681-0400  [TestNG-tests-1] DEBUG io.netty.buffer.ByteBufUtil - -Dio.netty.threadLocalDirectBufferSize: 0
2022-08-12T16:51:07.682-0400  [TestNG-tests-1] DEBUG io.netty.buffer.ByteBufUtil - -Dio.netty.maxThreadLocalCharBufferSize: 16384
2022-08-12T16:51:08.532-0400  [Forwarding newSession on session null to remote] DEBUG io.netty.channel.DefaultChannelId - -Dio.netty.processId: 13560 (auto-detected)
2022-08-12T16:51:08.536-0400  [Forwarding newSession on session null to remote] DEBUG io.netty.util.NetUtil - -Djava.net.preferIPv4Stack: false
2022-08-12T16:51:08.537-0400  [Forwarding newSession on session null to remote] DEBUG io.netty.util.NetUtil - -Djava.net.preferIPv6Addresses: false
2022-08-12T16:51:08.625-0400  [Forwarding newSession on session null to remote] DEBUG io.netty.util.NetUtilInitializations - Loopback interface: lo (Software Loopback Interface 1, 127.0.0.1)
2022-08-12T16:51:08.626-0400  [Forwarding newSession on session null to remote] DEBUG io.netty.util.NetUtil - Failed to get SOMAXCONN from sysctl and file \proc\sys\net\core\somaxconn. Default: 200
2022-08-12T16:51:08.703-0400  [Forwarding newSession on session null to remote] DEBUG io.netty.channel.DefaultChannelId - -Dio.netty.machineId: d0:67:e5:ff:fe:ed:ce:8d (auto-detected)
2022-08-12T16:51:08.760-0400  [AsyncHttpClient-1-2] DEBUG io.netty.buffer.AbstractByteBuf - -Dio.netty.buffer.checkAccessible: true
2022-08-12T16:51:08.761-0400  [AsyncHttpClient-1-2] DEBUG io.netty.buffer.AbstractByteBuf - -Dio.netty.buffer.checkBounds: true
2022-08-12T16:51:08.761-0400  [AsyncHttpClient-1-2] DEBUG io.netty.util.ResourceLeakDetectorFactory - Loaded default ResourceLeakDetector: io.netty.util.ResourceLeakDetector@32e748c
2022-08-12T16:51:08.789-0400  [AsyncHttpClient-1-2] DEBUG io.netty.util.Recycler - -Dio.netty.recycler.maxCapacityPerThread: 4096
2022-08-12T16:51:08.790-0400  [AsyncHttpClient-1-2] DEBUG io.netty.util.Recycler - -Dio.netty.recycler.ratio: 8
2022-08-12T16:51:08.790-0400  [AsyncHttpClient-1-2] DEBUG io.netty.util.Recycler - -Dio.netty.recycler.chunkSize: 32
2022-08-12T16:51:08.791-0400  [AsyncHttpClient-1-2] DEBUG io.netty.util.Recycler - -Dio.netty.recycler.blocking: false
2022-08-12T16:51:09.432-0400  [AsyncHttpClient-1-2] DEBUG io.netty.handler.codec.compression.Brotli - brotli4j not in the classpath; Brotli support will be unavailable.
2022-08-12T16:51:09.571-0400  [TestNG-tests-1] DEBUG io.netty.util.internal.ThreadLocalRandom - -Dio.netty.initialSeedUniquifier: 0x3b6d689fe6853582
2022-08-12T16:51:10.329-0400  [TestNG-tests-1] TRACE com.qa.app.listeners.WebEventListener - Before getting the url - https://rahulshettyacademy.com/
2022-08-12T16:51:14.531-0400  [TestNG-tests-1] DEBUG com.qa.app.listeners.WebEventListener - After getting url - https://rahulshettyacademy.com/
landingPageTittleTest : Started
landingPageTittleTest skipped!
]]></system-out>
    <system-err><![CDATA[SLF4J: Failed to load class "org.slf4j.impl.StaticLoggerBinder".
SLF4J: Defaulting to no-operation (NOP) logger implementation
SLF4J: See http://www.slf4j.org/codes.html#StaticLoggerBinder for further details.
Starting ChromeDriver 104.0.5112.79 (3cf3e8c8a07d104b9e1260c910efb8f383285dc5-refs/branch-heads/5112@{#1307}) on port 55859
Only local connections are allowed.
Please see https://chromedriver.chromium.org/security-considerations for suggestions on keeping ChromeDriver safe.
ChromeDriver was started successfully.
Aug. 12, 2022 4:51:09 P.M. org.openqa.selenium.remote.ProtocolHandshake createSession
INFO: Detected upstream dialect: W3C
Aug. 12, 2022 4:51:09 P.M. org.openqa.selenium.devtools.CdpVersionFinder findNearestMatch
WARNING: Unable to find an exact match for CDP version 104, so returning the closest version found: 103
Aug. 12, 2022 4:51:09 P.M. org.openqa.selenium.devtools.CdpVersionFinder findNearestMatch
INFO: Found CDP implementation for version 104 of 103
]]></system-err>
  </testcase>
  <testcase name="landingPageTittleTest" classname="com.qa.app.tests.LandingPageTest" time="0">
    <skipped message="expected [Rahul Shetty Academy123] but found [Rahul Shetty Academy]"/>
    <system-out><![CDATA[landingPageTittleTest : Started
landingPageTittleTest skipped!
]]></system-out>
  </testcase>
  <testcase name="landingPageTittleTest" classname="com.qa.app.tests.LandingPageTest" time="0">
    <skipped message="expected [Rahul Shetty Academy123] but found [Rahul Shetty Academy]"/>
    <system-out><![CDATA[landingPageTittleTest : Started
landingPageTittleTest skipped!
]]></system-out>
  </testcase>
  <testcase name="landingPageTittleTest" classname="com.qa.app.tests.LandingPageTest" time="0.298">
    <failure message="expected [Rahul Shetty Academy123] but found [Rahul Shetty Academy]" type="java.lang.AssertionError">java.lang.AssertionError: expected [Rahul Shetty Academy123] but found [Rahul Shetty Academy]
	at com.qa.app.tests.LandingPageTest.landingPageTittleTest(LandingPageTest.java:25)
</failure>
    <system-out><![CDATA[landingPageTittleTest : Started
landingPageTittleTest Failed
]]></system-out>
  </testcase>
  <testcase name="verifyHeader" classname="com.qa.app.tests.LandingPageTest" time="0.071"/>
  <testcase name="verifyLoginButton" classname="com.qa.app.tests.LandingPageTest" time="0.076"/>
  <testcase name="verifyJoinbutton" classname="com.qa.app.tests.LandingPageTest" time="0.074"/>
  <testcase name="getLogin" classname="com.qa.app.tests.LandingPageTest" time="1.6"/>
  <testcase name="verifyLoginPageHeader" classname="com.qa.app.tests.LoginPageTest" time="0.048"/>
  <testcase name="verifyRememberMeLink" classname="com.qa.app.tests.LoginPageTest" time="0.056"/>
  <testcase name="verifySignUp" classname="com.qa.app.tests.LoginPageTest" time="0.058"/>
  <testcase name="verifyForgotPassword" classname="com.qa.app.tests.LoginPageTest" time="0.056"/>
  <testcase name="doLogin" classname="com.qa.app.tests.LoginPageTest" time="3.149"/>
</testsuite>