<?xml version="1.0" encoding="UTF-8"?>
<testsuite xmlns:xsi="http://www.w3.org/2001/XMLSchema-instance" xsi:noNamespaceSchemaLocation="https://maven.apache.org/surefire/maven-surefire-plugin/xsd/surefire-test-report.xsd" name="TestSuite" time="39.582" tests="26" errors="0" skipped="6" failures="2">
  <properties>
[...]
</properties>
  <testcase name="landingPageTittleTest" classname="com.qa.app.tests.LandingPageTest" time="0.033"/>
  <testcase name="landingPageTittleTest" classname="com.qa.app.tests.LandingPageTest" time="0.009"/>
  <testcase name="verifyHeader" classname="com.qa.app.tests.LandingPageTest" time="0.074"/>
  <testcase name="verifyHeader" classname="com.qa.app.tests.LandingPageTest" time="0.062"/>
  <testcase name="verifyLoginButton" classname="com.qa.app.tests.LandingPageTest" time="0.131"/>
  <testcase name="verifyLoginButton" classname="com.qa.app.tests.LandingPageTest" time="0.058"/>
  <testcase name="verifyJoinbutton" classname="com.qa.app.tests.LandingPageTest" time="0.175"/>
  <testcase name="verifyJoinbutton" classname="com.qa.app.tests.LandingPageTest" time="0.066"/>
  <testcase name="getLogin" classname="com.qa.app.tests.LandingPageTest" time="2.56"/>
  <testcase name="getLogin" classname="com.qa.app.tests.LandingPageTest" time="1.551"/>
  <testcase name="verifyLoginPageHeader" classname="com.qa.app.tests.LoginPageTest" time="0.064"/>
  <testcase name="verifyLoginPageHeader" classname="com.qa.app.tests.LoginPageTest" time="0.091"/>
  <testcase name="verifyRememberMeLink" classname="com.qa.app.tests.LoginPageTest" time="0.078"/>
  <testcase name="verifyRememberMeLink" classname="com.qa.app.tests.LoginPageTest" time="0.087"/>
  <testcase name="verifySignUp" classname="com.qa.app.tests.LoginPageTest" time="0.065"/>
  <testcase name="verifySignUp" classname="com.qa.app.tests.LoginPageTest" time="0.062"/>
  <testcase name="verifyForgotPassword" classname="com.qa.app.tests.LoginPageTest" time="0.081"/>
  <testcase name="verifyForgotPassword" classname="com.qa.app.tests.LoginPageTest" time="0.058"/>
  <testcase name="doLogin" classname="com.qa.app.tests.LoginPageTest" time="0">
    <skipped message="expected [Harsh Bhut] but found []"/>
    <system-out><![CDATA[doLogin : Started
2022-08-14T15:35:35.538-0400  [TestNG-tests-4] TRACE com.qa.app.listeners.WebEventListener - Before getting WebElement - By.id: email
2022-08-14T15:35:35.560-0400  [TestNG-tests-4] INFO  com.qa.app.listeners.WebEventListener - After getting WebElement - By.id: email
2022-08-14T15:35:35.630-0400  [TestNG-tests-4] TRACE com.qa.app.listeners.WebEventListener - Before getting WebElement - By.id: password
2022-08-14T15:35:35.652-0400  [TestNG-tests-4] INFO  com.qa.app.listeners.WebEventListener - After getting WebElement - By.id: password
2022-08-14T15:35:35.725-0400  [TestNG-tests-4] TRACE com.qa.app.listeners.WebEventListener - Before getting WebElement - By.className: btn-primary
2022-08-14T15:35:35.750-0400  [TestNG-tests-4] INFO  com.qa.app.listeners.WebEventListener - After getting WebElement - By.className: btn-primary
2022-08-14T15:35:35.864-0400  [TestNG-tests-4] TRACE com.qa.app.listeners.WebEventListener - Before getting WebElement - By.xpath: //span[@class='navbar-current-user']
2022-08-14T15:35:36.303-0400  [TestNG-tests-2] INFO  com.qa.app.listeners.WebEventListener - After getting WebElement - By.xpath: //span[@class='navbar-current-user']
doLogin skipped!
]]></system-out>
  </testcase>
  <testcase name="doLogin" classname="com.qa.app.tests.LoginPageTest" time="0">
    <skipped/>
    <system-out><![CDATA[doLogin : Started
2022-08-14T15:35:36.556-0400  [TestNG-tests-2] TRACE com.qa.app.listeners.WebEventListener - Before getting WebElement - By.id: email
2022-08-14T15:35:40.969-0400  [TestNG-tests-4] ERROR com.qa.app.listeners.WebEventListener - Error has occured with Exception - : java.lang.reflect.InvocationTargetException
Some error has occured while locating this WebElement : By.xpath: //span[@class='navbar-current-user']
doLogin skipped!
]]></system-out>
  </testcase>
  <testcase name="doLogin" classname="com.qa.app.tests.LoginPageTest" time="0">
    <skipped/>
    <system-out><![CDATA[doLogin : Started
2022-08-14T15:35:41.054-0400  [TestNG-tests-4] TRACE com.qa.app.listeners.WebEventListener - Before getting WebElement - By.id: email
2022-08-14T15:35:41.072-0400  [TestNG-tests-4] INFO  com.qa.app.listeners.WebEventListener - After getting WebElement - By.id: email
2022-08-14T15:35:41.142-0400  [TestNG-tests-4] TRACE com.qa.app.listeners.WebEventListener - Before getting WebElement - By.id: password
2022-08-14T15:35:41.160-0400  [TestNG-tests-4] INFO  com.qa.app.listeners.WebEventListener - After getting WebElement - By.id: password
2022-08-14T15:35:41.224-0400  [TestNG-tests-4] TRACE com.qa.app.listeners.WebEventListener - Before getting WebElement - By.className: btn-primary
2022-08-14T15:35:41.241-0400  [TestNG-tests-4] INFO  com.qa.app.listeners.WebEventListener - After getting WebElement - By.className: btn-primary
2022-08-14T15:35:41.365-0400  [TestNG-tests-4] TRACE com.qa.app.listeners.WebEventListener - Before getting WebElement - By.xpath: //span[@class='navbar-current-user']
2022-08-14T15:35:41.573-0400  [TestNG-tests-2] ERROR com.qa.app.listeners.WebEventListener - Error has occured with Exception - : java.lang.reflect.InvocationTargetException
Some error has occured while locating this WebElement : By.id: email
doLogin skipped!
]]></system-out>
  </testcase>
  <testcase name="doLogin" classname="com.qa.app.tests.LoginPageTest" time="0">
    <skipped/>
    <system-out><![CDATA[doLogin : Started
2022-08-14T15:35:41.719-0400  [TestNG-tests-2] TRACE com.qa.app.listeners.WebEventListener - Before getting WebElement - By.id: email
2022-08-14T15:35:46.470-0400  [TestNG-tests-4] ERROR com.qa.app.listeners.WebEventListener - Error has occured with Exception - : java.lang.reflect.InvocationTargetException
Some error has occured while locating this WebElement : By.xpath: //span[@class='navbar-current-user']
doLogin skipped!
]]></system-out>
  </testcase>
  <testcase name="doLogin" classname="com.qa.app.tests.LoginPageTest" time="0">
    <skipped/>
    <system-out><![CDATA[doLogin : Started
2022-08-14T15:35:46.550-0400  [TestNG-tests-4] TRACE com.qa.app.listeners.WebEventListener - Before getting WebElement - By.id: email
2022-08-14T15:35:46.568-0400  [TestNG-tests-4] INFO  com.qa.app.listeners.WebEventListener - After getting WebElement - By.id: email
2022-08-14T15:35:46.630-0400  [TestNG-tests-4] TRACE com.qa.app.listeners.WebEventListener - Before getting WebElement - By.id: password
2022-08-14T15:35:46.646-0400  [TestNG-tests-4] INFO  com.qa.app.listeners.WebEventListener - After getting WebElement - By.id: password
2022-08-14T15:35:46.707-0400  [TestNG-tests-4] TRACE com.qa.app.listeners.WebEventListener - Before getting WebElement - By.className: btn-primary
2022-08-14T15:35:46.724-0400  [TestNG-tests-4] INFO  com.qa.app.listeners.WebEventListener - After getting WebElement - By.className: btn-primary
2022-08-14T15:35:46.738-0400  [TestNG-tests-2] ERROR com.qa.app.listeners.WebEventListener - Error has occured with Exception - : java.lang.reflect.InvocationTargetException
Some error has occured while locating this WebElement : By.id: email
doLogin skipped!
2022-08-14T15:35:46.813-0400  [TestNG-tests-4] TRACE com.qa.app.listeners.WebEventListener - Before getting WebElement - By.xpath: //span[@class='navbar-current-user']
]]></system-out>
  </testcase>
  <testcase name="doLogin" classname="com.qa.app.tests.LoginPageTest" time="0">
    <skipped/>
    <system-out><![CDATA[doLogin : Started
2022-08-14T15:35:46.883-0400  [TestNG-tests-2] TRACE com.qa.app.listeners.WebEventListener - Before getting WebElement - By.id: email
2022-08-14T15:35:51.911-0400  [TestNG-tests-2] ERROR com.qa.app.listeners.WebEventListener - Error has occured with Exception - : java.lang.reflect.InvocationTargetException
Some error has occured while locating this WebElement : By.id: email
doLogin Failed
2022-08-14T15:35:51.926-0400  [TestNG-tests-4] ERROR com.qa.app.listeners.WebEventListener - Error has occured with Exception - : java.lang.reflect.InvocationTargetException
Some error has occured while locating this WebElement : By.xpath: //span[@class='navbar-current-user']
doLogin skipped!
]]></system-out>
  </testcase>
  <testcase name="doLogin" classname="com.qa.app.tests.LoginPageTest" time="0.057">
    <failure type="java.lang.NullPointerException">java.lang.NullPointerException
	at com.qa.app.tests.LoginPageTest.doLogin(LoginPageTest.java:44)
</failure>
    <system-out><![CDATA[doLogin : Started
2022-08-14T15:35:51.998-0400  [TestNG-tests-4] TRACE com.qa.app.listeners.WebEventListener - Before getting WebElement - By.id: email
2022-08-14T15:35:52.017-0400  [TestNG-tests-4] INFO  com.qa.app.listeners.WebEventListener - After getting WebElement - By.id: email
]]></system-out>
  </testcase>
  <testcase name="doLogin" classname="com.qa.app.tests.LoginPageTest" time="5.451">
    <failure type="java.lang.NullPointerException">java.lang.NullPointerException
	at com.qa.app.tests.LoginPageTest.doLogin(LoginPageTest.java:45)
</failure>
    <system-out><![CDATA[2022-08-14T15:35:52.055-0400  [AsyncHttpClient-1-7] TRACE io.netty.handler.codec.http.websocketx.WebSocket08FrameEncoder - Encoding WebSocket Frame opCode=8 length=26
2022-08-14T15:35:52.099-0400  [TestNG-tests-4] TRACE com.qa.app.listeners.WebEventListener - Before getting WebElement - By.id: password
2022-08-14T15:35:52.116-0400  [TestNG-tests-4] INFO  com.qa.app.listeners.WebEventListener - After getting WebElement - By.id: password
2022-08-14T15:35:52.183-0400  [TestNG-tests-4] TRACE com.qa.app.listeners.WebEventListener - Before getting WebElement - By.className: btn-primary
2022-08-14T15:35:52.199-0400  [TestNG-tests-4] INFO  com.qa.app.listeners.WebEventListener - After getting WebElement - By.className: btn-primary
2022-08-14T15:35:52.298-0400  [TestNG-tests-4] TRACE com.qa.app.listeners.WebEventListener - Before getting WebElement - By.xpath: //span[@class='navbar-current-user']
Test Suite is ending!
2022-08-14T15:35:57.387-0400  [TestNG-tests-4] ERROR com.qa.app.listeners.WebEventListener - Error has occured with Exception - : java.lang.reflect.InvocationTargetException
Some error has occured while locating this WebElement : By.xpath: //span[@class='navbar-current-user']
doLogin Failed
]]></system-out>
  </testcase>
</testsuite>