<?xml version="1.0" encoding="UTF-8"?>
<testng-results retried="6" ignored="0" total="26" passed="18" failed="2" skipped="0">
  <reporter-output>
  </reporter-output>
  <suite started-at="2022-08-12T19:46:48 EDT" name="Suite" finished-at="2022-08-12T19:47:20 EDT" duration-ms="31174">
    <groups>
    </groups>
    <test started-at="2022-08-12T19:46:48 EDT" name="Landing Page in Edge" finished-at="2022-08-12T19:47:01 EDT" duration-ms="12544">
      <class name="com.qa.app.tests.LandingPageTest">
        <test-method is-config="true" signature="setUp(java.lang.String)[pri:0, instance:com.qa.app.tests.LandingPageTest@bd2f5a9]" started-at="2022-08-12T19:46:48 EDT" name="setUp" finished-at="2022-08-12T19:46:57 EDT" duration-ms="8757" status="PASS">
          <params>
            <param index="0">
              <value>
                <![CDATA[edge]]>
              </value>
            </param>
          </params>
          <reporter-output>
          </reporter-output>
        </test-method> <!-- setUp -->
        <test-method is-config="true" signature="landingPageSetUp()[pri:0, instance:com.qa.app.tests.LandingPageTest@bd2f5a9]" started-at="2022-08-12T19:46:57 EDT" name="landingPageSetUp" finished-at="2022-08-12T19:46:57 EDT" duration-ms="1" status="PASS">
          <reporter-output>
          </reporter-output>
        </test-method> <!-- landingPageSetUp -->
        <test-method signature="landingPageTittleTest()[pri:1, instance:com.qa.app.tests.LandingPageTest@bd2f5a9]" started-at="2022-08-12T19:46:57 EDT" name="landingPageTittleTest" description="Varifying Landing Page Tittle" finished-at="2022-08-12T19:46:57 EDT" duration-ms="18" status="PASS">
          <reporter-output>
          </reporter-output>
        </test-method> <!-- landingPageTittleTest -->
        <test-method signature="verifyHeader()[pri:2, instance:com.qa.app.tests.LandingPageTest@bd2f5a9]" started-at="2022-08-12T19:46:57 EDT" name="verifyHeader" description="Verifying the Header on Landing Page" finished-at="2022-08-12T19:46:57 EDT" duration-ms="79" status="PASS">
          <reporter-output>
          </reporter-output>
        </test-method> <!-- verifyHeader -->
        <test-method signature="verifyLoginButton()[pri:3, instance:com.qa.app.tests.LandingPageTest@bd2f5a9]" started-at="2022-08-12T19:46:57 EDT" name="verifyLoginButton" description="Verifying if Login Button is clickable or not" finished-at="2022-08-12T19:46:57 EDT" duration-ms="85" status="PASS">
          <reporter-output>
          </reporter-output>
        </test-method> <!-- verifyLoginButton -->
        <test-method signature="verifyJoinbutton()[pri:4, instance:com.qa.app.tests.LandingPageTest@bd2f5a9]" started-at="2022-08-12T19:46:57 EDT" name="verifyJoinbutton" description="Verifying is Join Button is clickable or not" finished-at="2022-08-12T19:46:58 EDT" duration-ms="332" status="PASS">
          <reporter-output>
          </reporter-output>
        </test-method> <!-- verifyJoinbutton -->
        <test-method signature="getLogin()[pri:5, instance:com.qa.app.tests.LandingPageTest@bd2f5a9]" started-at="2022-08-12T19:46:58 EDT" name="getLogin" description="Clicking on Login Button and verifying that user is on Login Page" finished-at="2022-08-12T19:47:00 EDT" duration-ms="2360" status="PASS">
          <reporter-output>
          </reporter-output>
        </test-method> <!-- getLogin -->
        <test-method is-config="true" signature="tearDown()[pri:0, instance:com.qa.app.tests.LandingPageTest@bd2f5a9]" started-at="2022-08-12T19:47:00 EDT" name="tearDown" finished-at="2022-08-12T19:47:01 EDT" duration-ms="882" status="PASS">
          <reporter-output>
          </reporter-output>
        </test-method> <!-- tearDown -->
      </class> <!-- com.qa.app.tests.LandingPageTest -->
    </test> <!-- Landing Page in Edge -->
    <test started-at="2022-08-12T19:46:48 EDT" name="Landing Page in Chrome" finished-at="2022-08-12T19:47:01 EDT" duration-ms="12591">
      <class name="com.qa.app.tests.LandingPageTest">
        <test-method is-config="true" signature="setUp(java.lang.String)[pri:0, instance:com.qa.app.tests.LandingPageTest@522b2631]" started-at="2022-08-12T19:46:48 EDT" name="setUp" finished-at="2022-08-12T19:46:56 EDT" duration-ms="7876" status="PASS">
          <params>
            <param index="0">
              <value>
                <![CDATA[Chrome]]>
              </value>
            </param>
          </params>
          <reporter-output>
          </reporter-output>
        </test-method> <!-- setUp -->
        <test-method is-config="true" signature="landingPageSetUp()[pri:0, instance:com.qa.app.tests.LandingPageTest@522b2631]" started-at="2022-08-12T19:46:56 EDT" name="landingPageSetUp" finished-at="2022-08-12T19:46:56 EDT" duration-ms="1" status="PASS">
          <reporter-output>
          </reporter-output>
        </test-method> <!-- landingPageSetUp -->
        <test-method signature="landingPageTittleTest()[pri:1, instance:com.qa.app.tests.LandingPageTest@522b2631]" started-at="2022-08-12T19:46:56 EDT" name="landingPageTittleTest" description="Varifying Landing Page Tittle" finished-at="2022-08-12T19:46:56 EDT" duration-ms="62" status="PASS">
          <reporter-output>
          </reporter-output>
        </test-method> <!-- landingPageTittleTest -->
        <test-method signature="verifyHeader()[pri:2, instance:com.qa.app.tests.LandingPageTest@522b2631]" started-at="2022-08-12T19:46:56 EDT" name="verifyHeader" description="Verifying the Header on Landing Page" finished-at="2022-08-12T19:46:58 EDT" duration-ms="1043" status="PASS">
          <reporter-output>
          </reporter-output>
        </test-method> <!-- verifyHeader -->
        <test-method signature="verifyLoginButton()[pri:3, instance:com.qa.app.tests.LandingPageTest@522b2631]" started-at="2022-08-12T19:46:58 EDT" name="verifyLoginButton" description="Verifying if Login Button is clickable or not" finished-at="2022-08-12T19:46:58 EDT" duration-ms="285" status="PASS">
          <reporter-output>
          </reporter-output>
        </test-method> <!-- verifyLoginButton -->
        <test-method signature="verifyJoinbutton()[pri:4, instance:com.qa.app.tests.LandingPageTest@522b2631]" started-at="2022-08-12T19:46:58 EDT" name="verifyJoinbutton" description="Verifying is Join Button is clickable or not" finished-at="2022-08-12T19:46:58 EDT" duration-ms="253" status="PASS">
          <reporter-output>
          </reporter-output>
        </test-method> <!-- verifyJoinbutton -->
        <test-method signature="getLogin()[pri:5, instance:com.qa.app.tests.LandingPageTest@522b2631]" started-at="2022-08-12T19:46:58 EDT" name="getLogin" description="Clicking on Login Button and verifying that user is on Login Page" finished-at="2022-08-12T19:47:00 EDT" duration-ms="2107" status="PASS">
          <reporter-output>
          </reporter-output>
        </test-method> <!-- getLogin -->
        <test-method is-config="true" signature="tearDown()[pri:0, instance:com.qa.app.tests.LandingPageTest@522b2631]" started-at="2022-08-12T19:47:00 EDT" name="tearDown" finished-at="2022-08-12T19:47:01 EDT" duration-ms="913" status="PASS">
          <reporter-output>
          </reporter-output>
        </test-method> <!-- tearDown -->
      </class> <!-- com.qa.app.tests.LandingPageTest -->
    </test> <!-- Landing Page in Chrome -->
    <test started-at="2022-08-12T19:46:48 EDT" name="Login Page in Chrome" finished-at="2022-08-12T19:47:19 EDT" duration-ms="30838">
      <class name="com.qa.app.tests.LoginPageTest">
        <test-method is-config="true" signature="setUp(java.lang.String)[pri:0, instance:com.qa.app.tests.LoginPageTest@3e9803c2]" started-at="2022-08-12T19:46:48 EDT" name="setUp" finished-at="2022-08-12T19:46:56 EDT" duration-ms="7333" status="PASS">
          <params>
            <param index="0">
              <value>
                <![CDATA[Chrome]]>
              </value>
            </param>
          </params>
          <reporter-output>
          </reporter-output>
        </test-method> <!-- setUp -->
        <test-method is-config="true" signature="loginPageSetUp()[pri:0, instance:com.qa.app.tests.LoginPageTest@3e9803c2]" started-at="2022-08-12T19:46:56 EDT" name="loginPageSetUp" finished-at="2022-08-12T19:46:59 EDT" duration-ms="3414" status="PASS">
          <reporter-output>
          </reporter-output>
        </test-method> <!-- loginPageSetUp -->
        <test-method signature="verifyLoginPageHeader()[pri:1, instance:com.qa.app.tests.LoginPageTest@3e9803c2]" started-at="2022-08-12T19:46:59 EDT" name="verifyLoginPageHeader" description="Verifying the Header on Login Page" finished-at="2022-08-12T19:47:00 EDT" duration-ms="379" status="PASS">
          <reporter-output>
          </reporter-output>
        </test-method> <!-- verifyLoginPageHeader -->
        <test-method signature="verifyRememberMeLink()[pri:2, instance:com.qa.app.tests.LoginPageTest@3e9803c2]" started-at="2022-08-12T19:47:00 EDT" name="verifyRememberMeLink" description="Verifying if Remember Me link is working or not on Login Page" finished-at="2022-08-12T19:47:00 EDT" duration-ms="301" status="PASS">
          <reporter-output>
          </reporter-output>
        </test-method> <!-- verifyRememberMeLink -->
        <test-method signature="verifySignUp()[pri:3, instance:com.qa.app.tests.LoginPageTest@3e9803c2]" started-at="2022-08-12T19:47:00 EDT" name="verifySignUp" description="Verifying if Sign Up link is working or not on Login Page" finished-at="2022-08-12T19:47:00 EDT" duration-ms="227" status="PASS">
          <reporter-output>
          </reporter-output>
        </test-method> <!-- verifySignUp -->
        <test-method signature="verifyForgotPassword()[pri:4, instance:com.qa.app.tests.LoginPageTest@3e9803c2]" started-at="2022-08-12T19:47:00 EDT" name="verifyForgotPassword" description="Verifying if Forgot Password is working or not on Login Page" finished-at="2022-08-12T19:47:00 EDT" duration-ms="84" status="PASS">
          <reporter-output>
          </reporter-output>
        </test-method> <!-- verifyForgotPassword -->
        <test-method retried="true" signature="doLogin()[pri:5, instance:com.qa.app.tests.LoginPageTest@3e9803c2]" started-at="2022-08-12T19:47:00 EDT" name="doLogin" description="Doing Login and verifying if user is Logged in or not and is on Home Page" finished-at="2022-08-12T19:47:03 EDT" duration-ms="3103" status="SKIP">
          <exception class="java.lang.AssertionError">
            <message>
              <![CDATA[expected [Harsh Bhut] but found []]]>
            </message>
            <full-stacktrace>
              <![CDATA[java.lang.AssertionError: expected [Harsh Bhut] but found []
at org.testng.Assert.fail(Assert.java:110)
at org.testng.Assert.failNotEquals(Assert.java:1413)
at org.testng.Assert.assertEqualsImpl(Assert.java:149)
at org.testng.Assert.assertEquals(Assert.java:131)
at org.testng.Assert.assertEquals(Assert.java:655)
at org.testng.Assert.assertEquals(Assert.java:665)
at com.qa.app.tests.LoginPageTest.doLogin(LoginPageTest.java:47)
at java.base/jdk.internal.reflect.NativeMethodAccessorImpl.invoke0(Native Method)
at java.base/jdk.internal.reflect.NativeMethodAccessorImpl.invoke(NativeMethodAccessorImpl.java:77)
at java.base/jdk.internal.reflect.DelegatingMethodAccessorImpl.invoke(DelegatingMethodAccessorImpl.java:43)
at java.base/java.lang.reflect.Method.invoke(Method.java:568)
at org.testng.internal.invokers.MethodInvocationHelper.invokeMethod(MethodInvocationHelper.java:139)
at org.testng.internal.invokers.TestInvoker.invokeMethod(TestInvoker.java:677)
at org.testng.internal.invokers.TestInvoker.invokeTestMethod(TestInvoker.java:221)
at org.testng.internal.invokers.MethodRunner.runInSequence(MethodRunner.java:50)
at org.testng.internal.invokers.TestInvoker$MethodInvocationAgent.invoke(TestInvoker.java:962)
at org.testng.internal.invokers.TestInvoker.invokeTestMethods(TestInvoker.java:194)
at org.testng.internal.invokers.TestMethodWorker.invokeTestMethods(TestMethodWorker.java:148)
at org.testng.internal.invokers.TestMethodWorker.run(TestMethodWorker.java:128)
at java.base/java.util.ArrayList.forEach(ArrayList.java:1511)
at org.testng.TestRunner.privateRun(TestRunner.java:806)
at org.testng.TestRunner.run(TestRunner.java:601)
at org.testng.SuiteRunner.runTest(SuiteRunner.java:433)
at org.testng.SuiteRunner$SuiteWorker.run(SuiteRunner.java:471)
at org.testng.internal.thread.ThreadUtil.lambda$execute$0(ThreadUtil.java:58)
at java.base/java.util.concurrent.FutureTask.run(FutureTask.java:264)
at java.base/java.util.concurrent.ThreadPoolExecutor.runWorker(ThreadPoolExecutor.java:1136)
at java.base/java.util.concurrent.ThreadPoolExecutor$Worker.run(ThreadPoolExecutor.java:635)
at java.base/java.lang.Thread.run(Thread.java:833)
]]>
            </full-stacktrace>
          </exception> <!-- java.lang.AssertionError -->
          <reporter-output>
          </reporter-output>
        </test-method> <!-- doLogin -->
        <test-method retried="true" signature="doLogin()[pri:5, instance:com.qa.app.tests.LoginPageTest@3e9803c2]" started-at="2022-08-12T19:47:04 EDT" name="doLogin" description="Doing Login and verifying if user is Logged in or not and is on Home Page" finished-at="2022-08-12T19:47:09 EDT" duration-ms="5054" status="SKIP">
          <exception class="java.lang.NullPointerException">
            <message>
              <![CDATA[Cannot invoke "org.openqa.selenium.WebElement.sendKeys(java.lang.CharSequence[])" because the return value of "com.qa.app.pages.LoginPage.getEmailID()" is null]]>
            </message>
            <full-stacktrace>
              <![CDATA[java.lang.NullPointerException: Cannot invoke "org.openqa.selenium.WebElement.sendKeys(java.lang.CharSequence[])" because the return value of "com.qa.app.pages.LoginPage.getEmailID()" is null
at com.qa.app.pages.LoginPage.doLogin(LoginPage.java:54)
at com.qa.app.tests.LoginPageTest.doLogin(LoginPageTest.java:44)
at java.base/jdk.internal.reflect.NativeMethodAccessorImpl.invoke0(Native Method)
at java.base/jdk.internal.reflect.NativeMethodAccessorImpl.invoke(NativeMethodAccessorImpl.java:77)
at java.base/jdk.internal.reflect.DelegatingMethodAccessorImpl.invoke(DelegatingMethodAccessorImpl.java:43)
at java.base/java.lang.reflect.Method.invoke(Method.java:568)
at org.testng.internal.invokers.MethodInvocationHelper.invokeMethod(MethodInvocationHelper.java:139)
at org.testng.internal.invokers.TestInvoker.invokeMethod(TestInvoker.java:677)
at org.testng.internal.invokers.TestInvoker.retryFailed(TestInvoker.java:263)
at org.testng.internal.invokers.MethodRunner.runInSequence(MethodRunner.java:62)
at org.testng.internal.invokers.TestInvoker$MethodInvocationAgent.invoke(TestInvoker.java:962)
at org.testng.internal.invokers.TestInvoker.invokeTestMethods(TestInvoker.java:194)
at org.testng.internal.invokers.TestMethodWorker.invokeTestMethods(TestMethodWorker.java:148)
at org.testng.internal.invokers.TestMethodWorker.run(TestMethodWorker.java:128)
at java.base/java.util.ArrayList.forEach(ArrayList.java:1511)
at org.testng.TestRunner.privateRun(TestRunner.java:806)
at org.testng.TestRunner.run(TestRunner.java:601)
at org.testng.SuiteRunner.runTest(SuiteRunner.java:433)
at org.testng.SuiteRunner$SuiteWorker.run(SuiteRunner.java:471)
at org.testng.internal.thread.ThreadUtil.lambda$execute$0(ThreadUtil.java:58)
at java.base/java.util.concurrent.FutureTask.run(FutureTask.java:264)
at java.base/java.util.concurrent.ThreadPoolExecutor.runWorker(ThreadPoolExecutor.java:1136)
at java.base/java.util.concurrent.ThreadPoolExecutor$Worker.run(ThreadPoolExecutor.java:635)
at java.base/java.lang.Thread.run(Thread.java:833)
]]>
            </full-stacktrace>
          </exception> <!-- java.lang.NullPointerException -->
          <reporter-output>
          </reporter-output>
        </test-method> <!-- doLogin -->
        <test-method retried="true" signature="doLogin()[pri:5, instance:com.qa.app.tests.LoginPageTest@3e9803c2]" started-at="2022-08-12T19:47:09 EDT" name="doLogin" description="Doing Login and verifying if user is Logged in or not and is on Home Page" finished-at="2022-08-12T19:47:14 EDT" duration-ms="5050" status="SKIP">
          <exception class="java.lang.NullPointerException">
            <message>
              <![CDATA[Cannot invoke "org.openqa.selenium.WebElement.sendKeys(java.lang.CharSequence[])" because the return value of "com.qa.app.pages.LoginPage.getEmailID()" is null]]>
            </message>
            <full-stacktrace>
              <![CDATA[java.lang.NullPointerException: Cannot invoke "org.openqa.selenium.WebElement.sendKeys(java.lang.CharSequence[])" because the return value of "com.qa.app.pages.LoginPage.getEmailID()" is null
at com.qa.app.pages.LoginPage.doLogin(LoginPage.java:54)
at com.qa.app.tests.LoginPageTest.doLogin(LoginPageTest.java:44)
at java.base/jdk.internal.reflect.NativeMethodAccessorImpl.invoke0(Native Method)
at java.base/jdk.internal.reflect.NativeMethodAccessorImpl.invoke(NativeMethodAccessorImpl.java:77)
at java.base/jdk.internal.reflect.DelegatingMethodAccessorImpl.invoke(DelegatingMethodAccessorImpl.java:43)
at java.base/java.lang.reflect.Method.invoke(Method.java:568)
at org.testng.internal.invokers.MethodInvocationHelper.invokeMethod(MethodInvocationHelper.java:139)
at org.testng.internal.invokers.TestInvoker.invokeMethod(TestInvoker.java:677)
at org.testng.internal.invokers.TestInvoker.retryFailed(TestInvoker.java:263)
at org.testng.internal.invokers.MethodRunner.runInSequence(MethodRunner.java:62)
at org.testng.internal.invokers.TestInvoker$MethodInvocationAgent.invoke(TestInvoker.java:962)
at org.testng.internal.invokers.TestInvoker.invokeTestMethods(TestInvoker.java:194)
at org.testng.internal.invokers.TestMethodWorker.invokeTestMethods(TestMethodWorker.java:148)
at org.testng.internal.invokers.TestMethodWorker.run(TestMethodWorker.java:128)
at java.base/java.util.ArrayList.forEach(ArrayList.java:1511)
at org.testng.TestRunner.privateRun(TestRunner.java:806)
at org.testng.TestRunner.run(TestRunner.java:601)
at org.testng.SuiteRunner.runTest(SuiteRunner.java:433)
at org.testng.SuiteRunner$SuiteWorker.run(SuiteRunner.java:471)
at org.testng.internal.thread.ThreadUtil.lambda$execute$0(ThreadUtil.java:58)
at java.base/java.util.concurrent.FutureTask.run(FutureTask.java:264)
at java.base/java.util.concurrent.ThreadPoolExecutor.runWorker(ThreadPoolExecutor.java:1136)
at java.base/java.util.concurrent.ThreadPoolExecutor$Worker.run(ThreadPoolExecutor.java:635)
at java.base/java.lang.Thread.run(Thread.java:833)
]]>
            </full-stacktrace>
          </exception> <!-- java.lang.NullPointerException -->
          <reporter-output>
          </reporter-output>
        </test-method> <!-- doLogin -->
        <test-method signature="doLogin()[pri:5, instance:com.qa.app.tests.LoginPageTest@3e9803c2]" started-at="2022-08-12T19:47:14 EDT" name="doLogin" description="Doing Login and verifying if user is Logged in or not and is on Home Page" finished-at="2022-08-12T19:47:19 EDT" duration-ms="5022" status="FAIL">
          <exception class="java.lang.NullPointerException">
            <message>
              <![CDATA[Cannot invoke "org.openqa.selenium.WebElement.sendKeys(java.lang.CharSequence[])" because the return value of "com.qa.app.pages.LoginPage.getEmailID()" is null]]>
            </message>
            <full-stacktrace>
              <![CDATA[java.lang.NullPointerException: Cannot invoke "org.openqa.selenium.WebElement.sendKeys(java.lang.CharSequence[])" because the return value of "com.qa.app.pages.LoginPage.getEmailID()" is null
at com.qa.app.pages.LoginPage.doLogin(LoginPage.java:54)
at com.qa.app.tests.LoginPageTest.doLogin(LoginPageTest.java:44)
at java.base/jdk.internal.reflect.NativeMethodAccessorImpl.invoke0(Native Method)
at java.base/jdk.internal.reflect.NativeMethodAccessorImpl.invoke(NativeMethodAccessorImpl.java:77)
at java.base/jdk.internal.reflect.DelegatingMethodAccessorImpl.invoke(DelegatingMethodAccessorImpl.java:43)
at java.base/java.lang.reflect.Method.invoke(Method.java:568)
at org.testng.internal.invokers.MethodInvocationHelper.invokeMethod(MethodInvocationHelper.java:139)
at org.testng.internal.invokers.TestInvoker.invokeMethod(TestInvoker.java:677)
at org.testng.internal.invokers.TestInvoker.retryFailed(TestInvoker.java:263)
at org.testng.internal.invokers.MethodRunner.runInSequence(MethodRunner.java:62)
at org.testng.internal.invokers.TestInvoker$MethodInvocationAgent.invoke(TestInvoker.java:962)
at org.testng.internal.invokers.TestInvoker.invokeTestMethods(TestInvoker.java:194)
at org.testng.internal.invokers.TestMethodWorker.invokeTestMethods(TestMethodWorker.java:148)
at org.testng.internal.invokers.TestMethodWorker.run(TestMethodWorker.java:128)
at java.base/java.util.ArrayList.forEach(ArrayList.java:1511)
at org.testng.TestRunner.privateRun(TestRunner.java:806)
at org.testng.TestRunner.run(TestRunner.java:601)
at org.testng.SuiteRunner.runTest(SuiteRunner.java:433)
at org.testng.SuiteRunner$SuiteWorker.run(SuiteRunner.java:471)
at org.testng.internal.thread.ThreadUtil.lambda$execute$0(ThreadUtil.java:58)
at java.base/java.util.concurrent.FutureTask.run(FutureTask.java:264)
at java.base/java.util.concurrent.ThreadPoolExecutor.runWorker(ThreadPoolExecutor.java:1136)
at java.base/java.util.concurrent.ThreadPoolExecutor$Worker.run(ThreadPoolExecutor.java:635)
at java.base/java.lang.Thread.run(Thread.java:833)
]]>
            </full-stacktrace>
          </exception> <!-- java.lang.NullPointerException -->
          <reporter-output>
          </reporter-output>
        </test-method> <!-- doLogin -->
        <test-method is-config="true" signature="tearDown()[pri:0, instance:com.qa.app.tests.LoginPageTest@3e9803c2]" started-at="2022-08-12T19:47:19 EDT" name="tearDown" finished-at="2022-08-12T19:47:19 EDT" duration-ms="181" status="PASS">
          <reporter-output>
          </reporter-output>
        </test-method> <!-- tearDown -->
      </class> <!-- com.qa.app.tests.LoginPageTest -->
    </test> <!-- Login Page in Chrome -->
    <test started-at="2022-08-12T19:46:48 EDT" name="Login Page in Edge" finished-at="2022-08-12T19:47:20 EDT" duration-ms="31170">
      <class name="com.qa.app.tests.LoginPageTest">
        <test-method is-config="true" signature="setUp(java.lang.String)[pri:0, instance:com.qa.app.tests.LoginPageTest@6d91790b]" started-at="2022-08-12T19:46:48 EDT" name="setUp" finished-at="2022-08-12T19:46:57 EDT" duration-ms="8831" status="PASS">
          <params>
            <param index="0">
              <value>
                <![CDATA[edge]]>
              </value>
            </param>
          </params>
          <reporter-output>
          </reporter-output>
        </test-method> <!-- setUp -->
        <test-method is-config="true" signature="loginPageSetUp()[pri:0, instance:com.qa.app.tests.LoginPageTest@6d91790b]" started-at="2022-08-12T19:46:57 EDT" name="loginPageSetUp" finished-at="2022-08-12T19:47:00 EDT" duration-ms="2819" status="PASS">
          <reporter-output>
          </reporter-output>
        </test-method> <!-- loginPageSetUp -->
        <test-method signature="verifyLoginPageHeader()[pri:1, instance:com.qa.app.tests.LoginPageTest@6d91790b]" started-at="2022-08-12T19:47:00 EDT" name="verifyLoginPageHeader" description="Verifying the Header on Login Page" finished-at="2022-08-12T19:47:00 EDT" duration-ms="70" status="PASS">
          <reporter-output>
          </reporter-output>
        </test-method> <!-- verifyLoginPageHeader -->
        <test-method signature="verifyRememberMeLink()[pri:2, instance:com.qa.app.tests.LoginPageTest@6d91790b]" started-at="2022-08-12T19:47:00 EDT" name="verifyRememberMeLink" description="Verifying if Remember Me link is working or not on Login Page" finished-at="2022-08-12T19:47:00 EDT" duration-ms="79" status="PASS">
          <reporter-output>
          </reporter-output>
        </test-method> <!-- verifyRememberMeLink -->
        <test-method signature="verifySignUp()[pri:3, instance:com.qa.app.tests.LoginPageTest@6d91790b]" started-at="2022-08-12T19:47:00 EDT" name="verifySignUp" description="Verifying if Sign Up link is working or not on Login Page" finished-at="2022-08-12T19:47:00 EDT" duration-ms="75" status="PASS">
          <reporter-output>
          </reporter-output>
        </test-method> <!-- verifySignUp -->
        <test-method signature="verifyForgotPassword()[pri:4, instance:com.qa.app.tests.LoginPageTest@6d91790b]" started-at="2022-08-12T19:47:00 EDT" name="verifyForgotPassword" description="Verifying if Forgot Password is working or not on Login Page" finished-at="2022-08-12T19:47:00 EDT" duration-ms="71" status="PASS">
          <reporter-output>
          </reporter-output>
        </test-method> <!-- verifyForgotPassword -->
        <test-method retried="true" signature="doLogin()[pri:5, instance:com.qa.app.tests.LoginPageTest@6d91790b]" started-at="2022-08-12T19:47:00 EDT" name="doLogin" description="Doing Login and verifying if user is Logged in or not and is on Home Page" finished-at="2022-08-12T19:47:04 EDT" duration-ms="3511" status="SKIP">
          <exception class="java.lang.AssertionError">
            <message>
              <![CDATA[expected [Harsh Bhut] but found []]]>
            </message>
            <full-stacktrace>
              <![CDATA[java.lang.AssertionError: expected [Harsh Bhut] but found []
at org.testng.Assert.fail(Assert.java:110)
at org.testng.Assert.failNotEquals(Assert.java:1413)
at org.testng.Assert.assertEqualsImpl(Assert.java:149)
at org.testng.Assert.assertEquals(Assert.java:131)
at org.testng.Assert.assertEquals(Assert.java:655)
at org.testng.Assert.assertEquals(Assert.java:665)
at com.qa.app.tests.LoginPageTest.doLogin(LoginPageTest.java:47)
at java.base/jdk.internal.reflect.NativeMethodAccessorImpl.invoke0(Native Method)
at java.base/jdk.internal.reflect.NativeMethodAccessorImpl.invoke(NativeMethodAccessorImpl.java:77)
at java.base/jdk.internal.reflect.DelegatingMethodAccessorImpl.invoke(DelegatingMethodAccessorImpl.java:43)
at java.base/java.lang.reflect.Method.invoke(Method.java:568)
at org.testng.internal.invokers.MethodInvocationHelper.invokeMethod(MethodInvocationHelper.java:139)
at org.testng.internal.invokers.TestInvoker.invokeMethod(TestInvoker.java:677)
at org.testng.internal.invokers.TestInvoker.invokeTestMethod(TestInvoker.java:221)
at org.testng.internal.invokers.MethodRunner.runInSequence(MethodRunner.java:50)
at org.testng.internal.invokers.TestInvoker$MethodInvocationAgent.invoke(TestInvoker.java:962)
at org.testng.internal.invokers.TestInvoker.invokeTestMethods(TestInvoker.java:194)
at org.testng.internal.invokers.TestMethodWorker.invokeTestMethods(TestMethodWorker.java:148)
at org.testng.internal.invokers.TestMethodWorker.run(TestMethodWorker.java:128)
at java.base/java.util.ArrayList.forEach(ArrayList.java:1511)
at org.testng.TestRunner.privateRun(TestRunner.java:806)
at org.testng.TestRunner.run(TestRunner.java:601)
at org.testng.SuiteRunner.runTest(SuiteRunner.java:433)
at org.testng.SuiteRunner$SuiteWorker.run(SuiteRunner.java:471)
at org.testng.internal.thread.ThreadUtil.lambda$execute$0(ThreadUtil.java:58)
at java.base/java.util.concurrent.FutureTask.run(FutureTask.java:264)
at java.base/java.util.concurrent.ThreadPoolExecutor.runWorker(ThreadPoolExecutor.java:1136)
at java.base/java.util.concurrent.ThreadPoolExecutor$Worker.run(ThreadPoolExecutor.java:635)
at java.base/java.lang.Thread.run(Thread.java:833)
]]>
            </full-stacktrace>
          </exception> <!-- java.lang.AssertionError -->
          <reporter-output>
          </reporter-output>
        </test-method> <!-- doLogin -->
        <test-method retried="true" signature="doLogin()[pri:5, instance:com.qa.app.tests.LoginPageTest@6d91790b]" started-at="2022-08-12T19:47:04 EDT" name="doLogin" description="Doing Login and verifying if user is Logged in or not and is on Home Page" finished-at="2022-08-12T19:47:09 EDT" duration-ms="5057" status="SKIP">
          <exception class="java.lang.NullPointerException">
            <message>
              <![CDATA[Cannot invoke "org.openqa.selenium.WebElement.sendKeys(java.lang.CharSequence[])" because the return value of "com.qa.app.pages.LoginPage.getEmailID()" is null]]>
            </message>
            <full-stacktrace>
              <![CDATA[java.lang.NullPointerException: Cannot invoke "org.openqa.selenium.WebElement.sendKeys(java.lang.CharSequence[])" because the return value of "com.qa.app.pages.LoginPage.getEmailID()" is null
at com.qa.app.pages.LoginPage.doLogin(LoginPage.java:54)
at com.qa.app.tests.LoginPageTest.doLogin(LoginPageTest.java:44)
at java.base/jdk.internal.reflect.NativeMethodAccessorImpl.invoke0(Native Method)
at java.base/jdk.internal.reflect.NativeMethodAccessorImpl.invoke(NativeMethodAccessorImpl.java:77)
at java.base/jdk.internal.reflect.DelegatingMethodAccessorImpl.invoke(DelegatingMethodAccessorImpl.java:43)
at java.base/java.lang.reflect.Method.invoke(Method.java:568)
at org.testng.internal.invokers.MethodInvocationHelper.invokeMethod(MethodInvocationHelper.java:139)
at org.testng.internal.invokers.TestInvoker.invokeMethod(TestInvoker.java:677)
at org.testng.internal.invokers.TestInvoker.retryFailed(TestInvoker.java:263)
at org.testng.internal.invokers.MethodRunner.runInSequence(MethodRunner.java:62)
at org.testng.internal.invokers.TestInvoker$MethodInvocationAgent.invoke(TestInvoker.java:962)
at org.testng.internal.invokers.TestInvoker.invokeTestMethods(TestInvoker.java:194)
at org.testng.internal.invokers.TestMethodWorker.invokeTestMethods(TestMethodWorker.java:148)
at org.testng.internal.invokers.TestMethodWorker.run(TestMethodWorker.java:128)
at java.base/java.util.ArrayList.forEach(ArrayList.java:1511)
at org.testng.TestRunner.privateRun(TestRunner.java:806)
at org.testng.TestRunner.run(TestRunner.java:601)
at org.testng.SuiteRunner.runTest(SuiteRunner.java:433)
at org.testng.SuiteRunner$SuiteWorker.run(SuiteRunner.java:471)
at org.testng.internal.thread.ThreadUtil.lambda$execute$0(ThreadUtil.java:58)
at java.base/java.util.concurrent.FutureTask.run(FutureTask.java:264)
at java.base/java.util.concurrent.ThreadPoolExecutor.runWorker(ThreadPoolExecutor.java:1136)
at java.base/java.util.concurrent.ThreadPoolExecutor$Worker.run(ThreadPoolExecutor.java:635)
at java.base/java.lang.Thread.run(Thread.java:833)
]]>
            </full-stacktrace>
          </exception> <!-- java.lang.NullPointerException -->
          <reporter-output>
          </reporter-output>
        </test-method> <!-- doLogin -->
        <test-method retried="true" signature="doLogin()[pri:5, instance:com.qa.app.tests.LoginPageTest@6d91790b]" started-at="2022-08-12T19:47:09 EDT" name="doLogin" description="Doing Login and verifying if user is Logged in or not and is on Home Page" finished-at="2022-08-12T19:47:14 EDT" duration-ms="5041" status="SKIP">
          <exception class="java.lang.NullPointerException">
            <message>
              <![CDATA[Cannot invoke "org.openqa.selenium.WebElement.sendKeys(java.lang.CharSequence[])" because the return value of "com.qa.app.pages.LoginPage.getEmailID()" is null]]>
            </message>
            <full-stacktrace>
              <![CDATA[java.lang.NullPointerException: Cannot invoke "org.openqa.selenium.WebElement.sendKeys(java.lang.CharSequence[])" because the return value of "com.qa.app.pages.LoginPage.getEmailID()" is null
at com.qa.app.pages.LoginPage.doLogin(LoginPage.java:54)
at com.qa.app.tests.LoginPageTest.doLogin(LoginPageTest.java:44)
at java.base/jdk.internal.reflect.NativeMethodAccessorImpl.invoke0(Native Method)
at java.base/jdk.internal.reflect.NativeMethodAccessorImpl.invoke(NativeMethodAccessorImpl.java:77)
at java.base/jdk.internal.reflect.DelegatingMethodAccessorImpl.invoke(DelegatingMethodAccessorImpl.java:43)
at java.base/java.lang.reflect.Method.invoke(Method.java:568)
at org.testng.internal.invokers.MethodInvocationHelper.invokeMethod(MethodInvocationHelper.java:139)
at org.testng.internal.invokers.TestInvoker.invokeMethod(TestInvoker.java:677)
at org.testng.internal.invokers.TestInvoker.retryFailed(TestInvoker.java:263)
at org.testng.internal.invokers.MethodRunner.runInSequence(MethodRunner.java:62)
at org.testng.internal.invokers.TestInvoker$MethodInvocationAgent.invoke(TestInvoker.java:962)
at org.testng.internal.invokers.TestInvoker.invokeTestMethods(TestInvoker.java:194)
at org.testng.internal.invokers.TestMethodWorker.invokeTestMethods(TestMethodWorker.java:148)
at org.testng.internal.invokers.TestMethodWorker.run(TestMethodWorker.java:128)
at java.base/java.util.ArrayList.forEach(ArrayList.java:1511)
at org.testng.TestRunner.privateRun(TestRunner.java:806)
at org.testng.TestRunner.run(TestRunner.java:601)
at org.testng.SuiteRunner.runTest(SuiteRunner.java:433)
at org.testng.SuiteRunner$SuiteWorker.run(SuiteRunner.java:471)
at org.testng.internal.thread.ThreadUtil.lambda$execute$0(ThreadUtil.java:58)
at java.base/java.util.concurrent.FutureTask.run(FutureTask.java:264)
at java.base/java.util.concurrent.ThreadPoolExecutor.runWorker(ThreadPoolExecutor.java:1136)
at java.base/java.util.concurrent.ThreadPoolExecutor$Worker.run(ThreadPoolExecutor.java:635)
at java.base/java.lang.Thread.run(Thread.java:833)
]]>
            </full-stacktrace>
          </exception> <!-- java.lang.NullPointerException -->
          <reporter-output>
          </reporter-output>
        </test-method> <!-- doLogin -->
        <test-method signature="doLogin()[pri:5, instance:com.qa.app.tests.LoginPageTest@6d91790b]" started-at="2022-08-12T19:47:14 EDT" name="doLogin" description="Doing Login and verifying if user is Logged in or not and is on Home Page" finished-at="2022-08-12T19:47:19 EDT" duration-ms="5017" status="FAIL">
          <exception class="java.lang.NullPointerException">
            <message>
              <![CDATA[Cannot invoke "org.openqa.selenium.WebElement.sendKeys(java.lang.CharSequence[])" because the return value of "com.qa.app.pages.LoginPage.getEmailID()" is null]]>
            </message>
            <full-stacktrace>
              <![CDATA[java.lang.NullPointerException: Cannot invoke "org.openqa.selenium.WebElement.sendKeys(java.lang.CharSequence[])" because the return value of "com.qa.app.pages.LoginPage.getEmailID()" is null
at com.qa.app.pages.LoginPage.doLogin(LoginPage.java:54)
at com.qa.app.tests.LoginPageTest.doLogin(LoginPageTest.java:44)
at java.base/jdk.internal.reflect.NativeMethodAccessorImpl.invoke0(Native Method)
at java.base/jdk.internal.reflect.NativeMethodAccessorImpl.invoke(NativeMethodAccessorImpl.java:77)
at java.base/jdk.internal.reflect.DelegatingMethodAccessorImpl.invoke(DelegatingMethodAccessorImpl.java:43)
at java.base/java.lang.reflect.Method.invoke(Method.java:568)
at org.testng.internal.invokers.MethodInvocationHelper.invokeMethod(MethodInvocationHelper.java:139)
at org.testng.internal.invokers.TestInvoker.invokeMethod(TestInvoker.java:677)
at org.testng.internal.invokers.TestInvoker.retryFailed(TestInvoker.java:263)
at org.testng.internal.invokers.MethodRunner.runInSequence(MethodRunner.java:62)
at org.testng.internal.invokers.TestInvoker$MethodInvocationAgent.invoke(TestInvoker.java:962)
at org.testng.internal.invokers.TestInvoker.invokeTestMethods(TestInvoker.java:194)
at org.testng.internal.invokers.TestMethodWorker.invokeTestMethods(TestMethodWorker.java:148)
at org.testng.internal.invokers.TestMethodWorker.run(TestMethodWorker.java:128)
at java.base/java.util.ArrayList.forEach(ArrayList.java:1511)
at org.testng.TestRunner.privateRun(TestRunner.java:806)
at org.testng.TestRunner.run(TestRunner.java:601)
at org.testng.SuiteRunner.runTest(SuiteRunner.java:433)
at org.testng.SuiteRunner$SuiteWorker.run(SuiteRunner.java:471)
at org.testng.internal.thread.ThreadUtil.lambda$execute$0(ThreadUtil.java:58)
at java.base/java.util.concurrent.FutureTask.run(FutureTask.java:264)
at java.base/java.util.concurrent.ThreadPoolExecutor.runWorker(ThreadPoolExecutor.java:1136)
at java.base/java.util.concurrent.ThreadPoolExecutor$Worker.run(ThreadPoolExecutor.java:635)
at java.base/java.lang.Thread.run(Thread.java:833)
]]>
            </full-stacktrace>
          </exception> <!-- java.lang.NullPointerException -->
          <reporter-output>
          </reporter-output>
        </test-method> <!-- doLogin -->
        <test-method is-config="true" signature="tearDown()[pri:0, instance:com.qa.app.tests.LoginPageTest@6d91790b]" started-at="2022-08-12T19:47:19 EDT" name="tearDown" finished-at="2022-08-12T19:47:20 EDT" duration-ms="153" status="PASS">
          <reporter-output>
          </reporter-output>
        </test-method> <!-- tearDown -->
      </class> <!-- com.qa.app.tests.LoginPageTest -->
    </test> <!-- Login Page in Edge -->
  </suite> <!-- Suite -->
</testng-results>
